<?xml version="1.0" encoding="UTF-8" ?>
<testsuite errors="1" failures="0" hostname="HDC1-D-430TYK4" name="GoodTestsSuite" skipped="0" tests="1" time="0.0" timestamp="2017-04-10T10:52:06">
  <properties>
    <property name="java.vendor" value="Oracle Corporation" />
    <property name="env.USERDOMAIN_ROAMINGPROFILE" value="DIR" />
    <property name="sun.java.launcher" value="SUN_STANDARD" />
    <property name="eclipse.pdebuild.templates" value="/C:/Users/gayathri.guttikonda/Desktop/Gayathri/Softwares/eclipse_Mars2/plugins/org.eclipse.pde.build_3.9.100.v20150521-1524/templates/" />
    <property name="sun.management.compiler" value="HotSpot 64-Bit Tiered Compilers" />
    <property name="env.PROMPT" value="$P$G" />
    <property name="os.name" value="Windows 10" />
    <property name="env.FP_NO_HOST_CHECK" value="NO" />
    <property name="sun.boot.class.path" value="C:\Program Files\Java\jre1.8.0_111\lib\resources.jar;C:\Program Files\Java\jre1.8.0_111\lib\rt.jar;C:\Program Files\Java\jre1.8.0_111\lib\sunrsasign.jar;C:\Program Files\Java\jre1.8.0_111\lib\jsse.jar;C:\Program Files\Java\jre1.8.0_111\lib\jce.jar;C:\Program Files\Java\jre1.8.0_111\lib\charsets.jar;C:\Program Files\Java\jre1.8.0_111\lib\jfr.jar;C:\Program Files\Java\jre1.8.0_111\classes" />
    <property name="env.COMPUTERNAME" value="HDC1-D-430TYK4" />
    <property name="env.CommonProgramW6432" value="C:\Program Files\Common Files" />
    <property name="env.ALLUSERSPROFILE" value="C:\ProgramData" />
    <property name="sun.desktop" value="windows" />
    <property name="java.vm.specification.vendor" value="Oracle Corporation" />
    <property name="ant.home" value="C:\Users\gayathri.guttikonda\Desktop\Gayathri\Softwares\eclipse_Mars2\plugins\org.apache.ant_1.9.6.v201510161327" />
    <property name="env.SYSDRIVE" value="%SYSTEMFOLDER%" />
    <property name="java.runtime.version" value="1.8.0_111-b14" />
    <property name="env.HOMEPATH" value="\Users\gayathri.guttikonda" />
    <property name="user.name" value="gayathri.guttikonda" />
    <property name="ant.file.ProteinTrackerTests" value="C:\Users\gayathri.guttikonda\Workspace_Mars\ProteinTrackerTests\build.xml" />
    <property name="ant.file.type.ProteinTrackerTests" value="file" />
    <property name="user.language" value="en" />
    <property name="env.windows_tracing_flags" value="3" />
    <property name="sun.boot.library.path" value="C:\Program Files\Java\jre1.8.0_111\bin" />
    <property name="ant.project.default-target" value="build" />
    <property name="ant.project.name" value="ProteinTrackerTests" />
    <property name="java.version" value="1.8.0_111" />
    <property name="env.PROCESSOR_IDENTIFIER" value="AMD64 Family 21 Model 16 Stepping 1, AuthenticAMD" />
    <property name="user.timezone" value="" />
    <property name="env.TEMP" value="C:\Users\GAYATH~1.GUT\AppData\Local\Temp" />
    <property name="sun.arch.data.model" value="64" />
    <property name="java.endorsed.dirs" value="C:\Program Files\Java\jre1.8.0_111\lib\endorsed" />
    <property name="sun.cpu.isalist" value="amd64" />
    <property name="env.HOMEDRIVE" value="C:" />
    <property name="sun.jnu.encoding" value="Cp1252" />
    <property name="file.encoding.pkg" value="sun.io" />
    <property name="ECLIPSE_HOME" value="../../Desktop/Gayathri/Softwares/eclipse_Mars2/" />
    <property name="file.separator" value="\" />
    <property name="java.specification.name" value="Java Platform API Specification" />
    <property name="java.class.version" value="52.0" />
    <property name="user.country" value="US" />
    <property name="java.home" value="C:\Program Files\Java\jre1.8.0_111" />
    <property name="env.PSModulePath" value="C:\WINDOWS\system32\WindowsPowerShell\v1.0\Modules\" />
    <property name="env.APPDATA" value="C:\Users\gayathri.guttikonda\AppData\Roaming" />
    <property name="env.PUBLIC" value="C:\Users\Public" />
    <property name="env.windows_tracing_logfile" value="C:\BVTBin\Tests\installpackage\csilogfile.log" />
    <property name="java.vm.info" value="mixed mode" />
    <property name="env.ComSpec" value="C:\WINDOWS\system32\cmd.exe" />
    <property name="env.OS" value="Windows_NT" />
    <property name="env.CommonProgramFiles" value="C:\Program Files\Common Files" />
    <property name="ant.file" value="C:\Users\gayathri.guttikonda\Workspace_Mars\ProteinTrackerTests\build.xml" />
    <property name="os.version" value="10.0" />
    <property name="env.ProgramW6432" value="C:\Program Files" />
    <property name="path.separator" value=";" />
    <property name="java.vm.version" value="25.111-b14" />
    <property name="user.variant" value="" />
    <property name="env.USERPROFILE" value="C:\Users\gayathri.guttikonda" />
    <property name="ant.library.dir" value="C:\Users\gayathri.guttikonda\Desktop\Gayathri\Softwares\eclipse_Mars2\plugins\org.apache.ant_1.9.6.v201510161327\lib" />
    <property name="junit.output.dir" value="junit" />
    <property name="env.JAVA_HOME" value="C:\Users\gayathri.guttikonda\Desktop\Gayathri\Softwares\jdk1.8.0_121" />
    <property name="java.awt.printerjob" value="sun.awt.windows.WPrinterJob" />
    <property name="env.TMP" value="C:\Users\GAYATH~1.GUT\AppData\Local\Temp" />
    <property name="env.FPS_BROWSER_USER_PROFILE_STRING" value="Default" />
    <property name="sun.io.unicode.encoding" value="UnicodeLittle" />
    <property name="awt.toolkit" value="sun.awt.windows.WToolkit" />
    <property name="user.script" value="" />
    <property name="eclipse.pdebuild.scripts" value="/C:/Users/gayathri.guttikonda/Desktop/Gayathri/Softwares/eclipse_Mars2/plugins/org.eclipse.pde.build_3.9.100.v20150521-1524/scripts/" />
    <property name="user.home" value="C:\Users\gayathri.guttikonda" />
    <property name="target" value="1.8" />
    <property name="env.ProgramData" value="C:\ProgramData" />
    <property name="env.SESSIONNAME" value="Console" />
    <property name="env.ProgramFiles(x86)" value="C:\Program Files (x86)" />
    <property name="java.specification.vendor" value="Oracle Corporation" />
    <property name="java.vendor.url" value="http://java.oracle.com/" />
    <property name="env.NUMBER_OF_PROCESSORS" value="2" />
    <property name="java.library.path" value="C:\Program Files\Java\jre1.8.0_111\bin;C:\WINDOWS\Sun\Java\bin;C:\WINDOWS\system32;C:\WINDOWS;C:/Program Files/Java/jre1.8.0_111/bin/server;C:/Program Files/Java/jre1.8.0_111/bin;C:/Program Files/Java/jre1.8.0_111/lib/amd64;C:\ProgramData\Oracle\Java\javapath;C:\WINDOWS\system32;C:\WINDOWS;C:\WINDOWS\System32\Wbem;C:\WINDOWS\System32\WindowsPowerShell\v1.0\;C:\Program Files (x86)\ATI Technologies\ATI.ACE\Core-Static;C:\apache-ant-1.6.5\bin;C:\Program Files\Java\jdk1.8.0_66\bin;C:\Program Files (x86)\Symantec\VIP Access Client\;C:\WINDOWS\System32\WindowsPowerShell\v1.0\;C:\ProgramData\Oracle\Java\javapath;C:\WINDOWS\system32;C:\WINDOWS;C:\WINDOWS\System32\Wbem;C:\WINDOWS\System32\WindowsPowerShell\v1.0\;C:\Program Files (x86)\ATI Technologies\ATI.ACE\Core-Static;C:\apache-ant-1.6.5\bin;C:\Program Files\Java\jdk1.8.0_66\bin;C:\Program Files (x86)\Symantec\VIP Access Client\;C:\WINDOWS\System32\WindowsPowerShell\v1.0\;C:\Users\gayathri.guttikonda\Desktop\Gayathri\Softwares\apache-maven-3.3.9-bin\apache-maven-3.3.9\bin;C:\Users\gayathri.guttikonda\Desktop\Gayathri\Softwares\eclipse_Mars2;;." />
    <property name="env.USERDNSDOMAIN" value="DIR.SVC.ACCENTURE.COM" />
    <property name="java.vm.vendor" value="Oracle Corporation" />
    <property name="java.runtime.name" value="Java(TM) SE Runtime Environment" />
    <property name="ant.version" value="Apache Ant(TM) version 1.9.6 compiled on June 29 2015" />
    <property name="java.class.path" value="C:\Users\gayathri.guttikonda\Workspace_Mars\ProteinTrackerTests\bin;C:\Users\gayathri.guttikonda\Desktop\Gayathri\Softwares\eclipse_Mars2\plugins\org.junit_4.12.0.v201504281640\junit.jar;C:\Users\gayathri.guttikonda\Desktop\Gayathri\Softwares\eclipse_Mars2\plugins\org.hamcrest.core_1.3.0.v201303031735.jar;C:\Users\gayathri.guttikonda\Workspace_Mars\ProteinTracker\bin;C:\Users\gayathri.guttikonda\Desktop\Gayathri\Softwares\eclipse_Mars2\plugins\org.apache.ant_1.9.6.v201510161327\lib\ant-launcher.jar;C:\Users\gayathri.guttikonda\Desktop\Gayathri\Softwares\eclipse_Mars2\plugins\org.apache.ant_1.9.6.v201510161327\lib\ant.jar;C:\Users\gayathri.guttikonda\Desktop\Gayathri\Softwares\eclipse_Mars2\plugins\org.apache.ant_1.9.6.v201510161327\lib\ant-junit.jar;C:\Users\gayathri.guttikonda\Desktop\Gayathri\Softwares\eclipse_Mars2\plugins\org.apache.ant_1.9.6.v201510161327\lib\ant-junit4.jar" />
    <property name="sun.java.command" value="org.apache.tools.ant.taskdefs.optional.junit.JUnitTestRunner GoodTestsSuite skipNonTests=false filtertrace=true haltOnError=false haltOnFailure=false formatter=org.apache.tools.ant.taskdefs.optional.junit.OutErrSummaryJUnitResultFormatter showoutput=false outputtoformatters=true logfailedtests=true threadid=0 logtestlistenerevents=false formatter=org.apache.tools.ant.taskdefs.optional.junit.XMLJUnitResultFormatter,C:\Users\gayathri.guttikonda\Workspace_Mars\ProteinTrackerTests\junit\TEST-GoodTestsSuite.xml crashfile=C:\Users\gayathri.guttikonda\Workspace_Mars\ProteinTrackerTests\junitvmwatcher7674676399413221796.properties propsfile=C:\Users\gayathri.guttikonda\Workspace_Mars\ProteinTrackerTests\junit3031448722785335061.properties" />
    <property name="java.vm.specification.name" value="Java Virtual Machine Specification" />
    <property name="env.windir" value="C:\WINDOWS" />
    <property name="env.LOGONSERVER" value="\\HDCDC4201" />
    <property name="env.PROCESSOR_ARCHITECTURE" value="AMD64" />
    <property name="java.vm.specification.version" value="1.8" />
    <property name="sun.os.patch.level" value="" />
    <property name="sun.cpu.endian" value="little" />
    <property name="debuglevel" value="source,lines,vars" />
    <property name="env.OneDrive" value="C:\Users\gayathri.guttikonda\OneDrive" />
    <property name="env.ProgramFiles" value="C:\Program Files" />
    <property name="env.ANT_HOME" value="C:\Users\gayathri.guttikonda\Desktop\Gayathri\Softwares\eclipse_Mars2\plugins\org.apache.ant_1.9.6.v201510161327" />
    <property name="env.PROCESSOR_REVISION" value="1001" />
    <property name="eclipse.pdebuild.home" value="/C:/Users/gayathri.guttikonda/Desktop/Gayathri/Softwares/eclipse_Mars2/plugins/org.eclipse.pde.build_3.9.100.v20150521-1524/./" />
    <property name="java.io.tmpdir" value="C:\Users\GAYATH~1.GUT\AppData\Local\Temp\" />
    <property name="env.UATDATA" value="C:\windows\CCM\UATData\D9F8C395-CAB8-491d-B8AC-179A1FE1BE77" />
    <property name="env.CommonProgramFiles(x86)" value="C:\Program Files (x86)\Common Files" />
    <property name="java.vendor.url.bug" value="http://bugreport.sun.com/bugreport/" />
    <property name="env.SystemRoot" value="C:\WINDOWS" />
    <property name="env.FPS_BROWSER_APP_PROFILE_STRING" value="Internet Explorer" />
    <property name="java.awt.graphicsenv" value="sun.awt.Win32GraphicsEnvironment" />
    <property name="os.arch" value="amd64" />
    <property name="java.ext.dirs" value="C:\Program Files\Java\jre1.8.0_111\lib\ext;C:\WINDOWS\Sun\Java\lib\ext" />
    <property name="ProteinTracker.location" value="../ProteinTracker" />
    <property name="env.LOCALAPPDATA" value="C:\Users\gayathri.guttikonda\AppData\Local" />
    <property name="env.MAVEN_HOME" value="C:\Users\gayathri.guttikonda\Desktop\Gayathri\Softwares\apache-maven-3.3.9-bin\apache-maven-3.3.9" />
    <property name="user.dir" value="C:\Users\gayathri.guttikonda\Workspace_Mars\ProteinTrackerTests" />
    <property name="line.separator" value="&#xd;&#xa;" />
    <property name="java.vm.name" value="Java HotSpot(TM) 64-Bit Server VM" />
    <property name="env.PATHEXT" value=".COM;.EXE;.BAT;.CMD;.VBS;.VBE;.JS;.JSE;.WSF;.WSH;.MSC" />
    <property name="env.Path" value="C:/Program Files/Java/jre1.8.0_111/bin/server;C:/Program Files/Java/jre1.8.0_111/bin;C:/Program Files/Java/jre1.8.0_111/lib/amd64;C:\ProgramData\Oracle\Java\javapath;C:\WINDOWS\system32;C:\WINDOWS;C:\WINDOWS\System32\Wbem;C:\WINDOWS\System32\WindowsPowerShell\v1.0\;C:\Program Files (x86)\ATI Technologies\ATI.ACE\Core-Static;C:\apache-ant-1.6.5\bin;C:\Program Files\Java\jdk1.8.0_66\bin;C:\Program Files (x86)\Symantec\VIP Access Client\;C:\WINDOWS\System32\WindowsPowerShell\v1.0\;C:\ProgramData\Oracle\Java\javapath;C:\WINDOWS\system32;C:\WINDOWS;C:\WINDOWS\System32\Wbem;C:\WINDOWS\System32\WindowsPowerShell\v1.0\;C:\Program Files (x86)\ATI Technologies\ATI.ACE\Core-Static;C:\apache-ant-1.6.5\bin;C:\Program Files\Java\jdk1.8.0_66\bin;C:\Program Files (x86)\Symantec\VIP Access Client\;C:\WINDOWS\System32\WindowsPowerShell\v1.0\;C:\Users\gayathri.guttikonda\Desktop\Gayathri\Softwares\apache-maven-3.3.9-bin\apache-maven-3.3.9\bin;C:\Users\gayathri.guttikonda\Desktop\Gayathri\Softwares\eclipse_Mars2;" />
    <property name="basedir" value="C:\Users\gayathri.guttikonda\Workspace_Mars\ProteinTrackerTests" />
    <property name="ant.java.version" value="1.8" />
    <property name="ant.core.lib" value="C:\Users\gayathri.guttikonda\Desktop\Gayathri\Softwares\eclipse_Mars2\plugins\org.apache.ant_1.9.6.v201510161327\lib\ant.jar" />
    <property name="env.USERNAME" value="gayathri.guttikonda" />
    <property name="source" value="1.8" />
    <property name="env.SystemDrive" value="C:" />
    <property name="file.encoding" value="Cp1252" />
    <property name="env.USERDOMAIN" value="DIR" />
    <property name="java.specification.version" value="1.8" />
    <property name="ant.project.invoked-targets" value="build,com.proteinTracker.tests" />
    <property name="env.PROCESSOR_LEVEL" value="21" />
  </properties>
  <error message="GoodTestsSuite" type="java.lang.ClassNotFoundException">java.lang.ClassNotFoundException: GoodTestsSuite
	at java.net.URLClassLoader.findClass(Unknown Source)
	at java.lang.ClassLoader.loadClass(Unknown Source)
	at sun.misc.Launcher$AppClassLoader.loadClass(Unknown Source)
	at java.lang.ClassLoader.loadClass(Unknown Source)
	at java.lang.Class.forName0(Native Method)
	at java.lang.Class.forName(Unknown Source)
</error>
  <system-out><![CDATA[]]></system-out>
  <system-err><![CDATA[]]></system-err>
</testsuite>
